D:\PROGRAMMING\PROJS\UOLOGC&SNIFFY\DEBUG\BREAKPOINT.OBJ
D:\programming\projs\UOLogC&Sniffy\Debug\cl.command.1.tlog
D:\programming\projs\UOLogC&Sniffy\Debug\CL.read.1.tlog
D:\programming\projs\UOLogC&Sniffy\Debug\CL.write.1.tlog
D:\PROGRAMMING\PROJS\UOLOGC&SNIFFY\DEBUG\DEBUGGER.OBJ
D:\programming\projs\UOLogC&Sniffy\Debug\link.command.1.tlog
D:\programming\projs\UOLogC&Sniffy\Debug\link.read.1.tlog
D:\programming\projs\UOLogC&Sniffy\Debug\link.write.1.tlog
D:\programming\projs\UOLogC&Sniffy\Debug\link-cvtres.read.1.tlog
D:\programming\projs\UOLogC&Sniffy\Debug\link-cvtres.write.1.tlog
D:\PROGRAMMING\PROJS\UOLOGC&SNIFFY\DEBUG\LOGGER.OBJ
D:\PROGRAMMING\PROJS\UOLOGC&SNIFFY\DEBUG\LOGWINDOW.OBJ
D:\programming\projs\UOLogC&Sniffy\Debug\mt.command.1.tlog
D:\programming\projs\UOLogC&Sniffy\Debug\mt.read.1.tlog
D:\programming\projs\UOLogC&Sniffy\Debug\mt.write.1.tlog
D:\PROGRAMMING\PROJS\UOLOGC&SNIFFY\DEBUG\PACKETS.OBJ
D:\programming\projs\UOLogC&Sniffy\Debug\rc.command.1.tlog
D:\programming\projs\UOLogC&Sniffy\Debug\rc.read.1.tlog
D:\programming\projs\UOLogC&Sniffy\Debug\rc.write.1.tlog
D:\PROGRAMMING\PROJS\UOLOGC&SNIFFY\DEBUG\RSRC.RES
D:\PROGRAMMING\PROJS\UOLOGC&SNIFFY\DEBUG\UOLOG.OBJ
D:\PROGRAMMING\PROJS\UOLOGC&SNIFFY\DEBUG\UOLOGC.EXE
D:\PROGRAMMING\PROJS\UOLOGC&SNIFFY\DEBUG\UOLOGC.EXE.EMBED.MANIFEST
D:\PROGRAMMING\PROJS\UOLOGC&SNIFFY\DEBUG\UOLOGC.EXE.EMBED.MANIFEST.RES
D:\PROGRAMMING\PROJS\UOLOGC&SNIFFY\DEBUG\UOLOGC.EXE.INTERMEDIATE.MANIFEST
D:\PROGRAMMING\PROJS\UOLOGC&SNIFFY\DEBUG\UOLOGC.ILK
D:\PROGRAMMING\PROJS\UOLOGC&SNIFFY\DEBUG\UOLOGC.PDB
D:\programming\projs\UOLogC&Sniffy\Debug\UOLogC_manifest.rc
D:\PROGRAMMING\PROJS\UOLOGC&SNIFFY\DEBUG\UOLOGSNIFFY.OBJ
D:\programming\projs\UOLogC&Sniffy\Debug\vc100.idb
D:\PROGRAMMING\PROJS\UOLOGC&SNIFFY\DEBUG\VC100.PDB
Debug\UOLogC.ilk
Debug\UOLogC.pdb
