D:\PROGRAMMING\PROJS\UOLOGC&SNIFFY\RELEASE\BREAKPOINT.OBJ
D:\programming\projs\UOLogC&Sniffy\Release\cl.command.1.tlog
D:\programming\projs\UOLogC&Sniffy\Release\CL.read.1.tlog
D:\programming\projs\UOLogC&Sniffy\Release\CL.write.1.tlog
D:\PROGRAMMING\PROJS\UOLOGC&SNIFFY\RELEASE\DEBUGGER.OBJ
D:\programming\projs\UOLogC&Sniffy\Release\link.command.1.tlog
D:\programming\projs\UOLogC&Sniffy\Release\link.read.1.tlog
D:\programming\projs\UOLogC&Sniffy\Release\link.write.1.tlog
D:\programming\projs\UOLogC&Sniffy\Release\link-cvtres.read.1.tlog
D:\programming\projs\UOLogC&Sniffy\Release\link-cvtres.write.1.tlog
D:\PROGRAMMING\PROJS\UOLOGC&SNIFFY\RELEASE\LOGGER.OBJ
D:\PROGRAMMING\PROJS\UOLOGC&SNIFFY\RELEASE\LOGWINDOW.OBJ
D:\programming\projs\UOLogC&Sniffy\Release\mt.command.1.tlog
D:\programming\projs\UOLogC&Sniffy\Release\mt.read.1.tlog
D:\programming\projs\UOLogC&Sniffy\Release\mt.write.1.tlog
D:\PROGRAMMING\PROJS\UOLOGC&SNIFFY\RELEASE\PACKETS.OBJ
D:\programming\projs\UOLogC&Sniffy\Release\rc.command.1.tlog
D:\programming\projs\UOLogC&Sniffy\Release\rc.read.1.tlog
D:\programming\projs\UOLogC&Sniffy\Release\rc.write.1.tlog
D:\PROGRAMMING\PROJS\UOLOGC&SNIFFY\RELEASE\RSRC.RES
D:\PROGRAMMING\PROJS\UOLOGC&SNIFFY\RELEASE\UOLOG.OBJ
D:\PROGRAMMING\PROJS\UOLOGC&SNIFFY\RELEASE\UOLOGC.EXE
D:\PROGRAMMING\PROJS\UOLOGC&SNIFFY\RELEASE\UOLOGC.EXE.INTERMEDIATE.MANIFEST
D:\PROGRAMMING\PROJS\UOLOGC&SNIFFY\RELEASE\UOLOGC.PDB
D:\PROGRAMMING\PROJS\UOLOGC&SNIFFY\RELEASE\UOLOGSNIFFY.OBJ
D:\PROGRAMMING\PROJS\UOLOGC&SNIFFY\RELEASE\VC100.PDB
Release\UOLogC.pdb
